<?xml version="1.0" encoding="UTF-8"?>
<!-- Generated by org.testng.reporters.JUnitXMLReporter -->
<testsuite ignored="0" hostname="VIJAY" failures="0" tests="3" name="Default test" time="3.314" errors="0" timestamp="2023-11-15T14:04:34 IST">
  <testcase classname="com.sportyshoe.Tests.OrderPageTest" name="test_login" time="0.233"/>
  <testcase classname="com.sportyshoe.Tests.OrderPageTest" name="test_click_orders" time="0.107"/>
  <testcase classname="com.sportyshoe.Tests.OrderPageTest" name="test_getTitle_page" time="0.009"/>
</testsuite> <!-- Default test -->
