<?xml version="1.0" encoding="UTF-8"?>
<!-- Generated by org.testng.reporters.JUnitXMLReporter -->
<testsuite ignored="0" hostname="VIJAY" failures="0" tests="4" name="POMframework-SportyShoe-LoginPage" time="2.192" errors="0" timestamp="2023-11-15T14:19:43 IST">
  <testcase classname="com.sportyshoe.Tests.LoginPageTest" name="test_login" time="0.274"/>
  <testcase classname="com.sportyshoe.Tests.LoginPageTest" name="test_getTitle_page" time="0.012"/>
  <testcase classname="com.sportyshoe.Tests.LoginPageTest" name="Test_validate_registration_Text" time="0.067"/>
  <testcase classname="com.sportyshoe.Tests.LoginPageTest" name="test_click_cart" time="0.135"/>
</testsuite> <!-- POMframework-SportyShoe-LoginPage -->
