<?xml version="1.0" encoding="UTF-8"?>
<!-- Generated by org.testng.reporters.JUnitXMLReporter -->
<testsuite ignored="0" hostname="VIJAY" failures="0" tests="6" name="POMframework-SportyShoe-OrderPageAndAddtoCartPage" time="4.06" errors="0" timestamp="2023-11-15T14:19:47 IST">
  <testcase classname="com.sportyshoe.Tests.OrderPageTest" name="test_login" time="0.317"/>
  <testcase classname="com.sportyshoe.Tests.OrderPageTest" name="test_click_orders" time="0.125"/>
  <testcase classname="com.sportyshoe.Tests.OrderPageTest" name="test_getTitle_page" time="0.021"/>
  <testcase classname="com.sportyshoe.Tests.AddtoCartPageTest" name="test_login" time="0.302"/>
  <testcase classname="com.sportyshoe.Tests.AddtoCartPageTest" name="test_add_product_to_cart" time="0.078"/>
  <testcase classname="com.sportyshoe.Tests.AddtoCartPageTest" name="test_validate_success_message" time="0.036"/>
</testsuite> <!-- POMframework-SportyShoe-OrderPageAndAddtoCartPage -->
