<?xml version="1.0" encoding="UTF-8"?>
<!-- Generated by org.testng.reporters.JUnitXMLReporter -->
<testsuite ignored="0" hostname="VIJAY" failures="0" tests="8" name="POMframework-SportyShoe-HomePageAndRegisterPage" time="8.77" errors="0" timestamp="2023-11-15T14:19:41 IST">
  <testcase classname="com.sportyshoe.Tests.HomePageTest" name="test_getTitle_page" time="0.018"/>
  <testcase classname="com.sportyshoe.Tests.HomePageTest" name="Test_Validate_Text_On_Page" time="0.043"/>
  <testcase classname="com.sportyshoe.Tests.HomePageTest" name="test_click_register_link" time="1.611"/>
  <testcase classname="com.sportyshoe.Tests.RegisterPageTest" name="test_click_register_link" time="1.618"/>
  <testcase classname="com.sportyshoe.Tests.RegisterPageTest" name="test_getTitle_page" time="0.014"/>
  <testcase classname="com.sportyshoe.Tests.RegisterPageTest" name="Test_register_user" time="0.276"/>
  <testcase classname="com.sportyshoe.Tests.RegisterPageTest" name="Test_validate_registration_URL" time="0.028"/>
  <testcase classname="com.sportyshoe.Tests.RegisterPageTest" name="Test_validate_registration_Text" time="0.043"/>
</testsuite> <!-- POMframework-SportyShoe-HomePageAndRegisterPage -->
